Messages
=========================
SPIM Version 9.0.1 of January 2, 2011
Copyright 1990-2010, James R. Larus.
All Rights Reserved.
SPIM is distributed under a BSD license.
See the file README for a full copyright notice.
Memory and registers cleared and the simulator reinitialized.

SPIM Version 9.0.1 of January 2, 2011
Copyright 1990-2010, James R. Larus.
All Rights Reserved.
SPIM is distributed under a BSD license.
See the file README for a full copyright notice.
Z:\home\mercy\Dropbox\college stuff\Computer science\CSCI250-assembly\peasant.s successfully loaded
Memory address out of bounds
Memory and registers cleared and the simulator reinitialized.

SPIM Version 9.0.1 of January 2, 2011
Copyright 1990-2010, James R. Larus.
All Rights Reserved.
SPIM is distributed under a BSD license.
See the file README for a full copyright notice.
Memory and registers cleared and the simulator reinitialized.

SPIM Version 9.0.1 of January 2, 2011
Copyright 1990-2010, James R. Larus.
All Rights Reserved.
SPIM is distributed under a BSD license.
See the file README for a full copyright notice.
Memory and registers cleared and the simulator reinitialized.

SPIM Version 9.0.1 of January 2, 2011
Copyright 1990-2010, James R. Larus.
All Rights Reserved.
SPIM is distributed under a BSD license.
See the file README for a full copyright notice.
Z:\home\mercy\Dropbox\college stuff\Computer science\CSCI250-assembly\peasant.s successfully loaded
Memory and registers cleared and the simulator reinitialized.

SPIM Version 9.0.1 of January 2, 2011
Copyright 1990-2010, James R. Larus.
All Rights Reserved.
SPIM is distributed under a BSD license.
See the file README for a full copyright notice.
Z:\home\mercy\Dropbox\college stuff\Computer science\CSCI250-assembly\peasant.s successfully loaded
Memory address out of bounds
Buffer is null in read_stringMemory and registers cleared and the simulator reinitialized.

SPIM Version 9.0.1 of January 2, 2011
Copyright 1990-2010, James R. Larus.
All Rights Reserved.
SPIM is distributed under a BSD license.
See the file README for a full copyright notice.
Z:\home\mercy\Dropbox\college stuff\Computer science\CSCI250-assembly\peasant.s successfully loaded
Memory address out of bounds
Buffer is null in read_stringMemory and registers cleared and the simulator reinitialized.

SPIM Version 9.0.1 of January 2, 2011
Copyright 1990-2010, James R. Larus.
All Rights Reserved.
SPIM is distributed under a BSD license.
See the file README for a full copyright notice.
Z:\home\mercy\Dropbox\college stuff\Computer science\CSCI250-assembly\peasant.s successfully loaded
Instruction references undefined symbol at 0x00400030
  [0x00400030]        0x08000000  j 0x00000000 [loop]             ; 33: j loop                        #skips over the neg addition
Memory and registers cleared and the simulator reinitialized.

SPIM Version 9.0.1 of January 2, 2011
Copyright 1990-2010, James R. Larus.
All Rights Reserved.
SPIM is distributed under a BSD license.
See the file README for a full copyright notice.
Z:\home\mercy\Dropbox\college stuff\Computer science\CSCI250-assembly\peasant.s successfully loaded
Instruction references undefined symbol at 0x00400034
  [0x00400034]        0x08000000  j 0x00000000 [loop]             ; 34: j loop                        #skips over the neg addition
Memory and registers cleared and the simulator reinitialized.

SPIM Version 9.0.1 of January 2, 2011
Copyright 1990-2010, James R. Larus.
All Rights Reserved.
SPIM is distributed under a BSD license.
See the file README for a full copyright notice.
Z:\home\mercy\Dropbox\college stuff\Computer science\CSCI250-assembly\peasant.s successfully loaded
Memory address out of bounds
Buffer is null in read_stringMemory and registers cleared and the simulator reinitialized.

SPIM Version 9.0.1 of January 2, 2011
Copyright 1990-2010, James R. Larus.
All Rights Reserved.
SPIM is distributed under a BSD license.
See the file README for a full copyright notice.
Load terminated. Check code and simulator settings and try again.
Memory and registers cleared and the simulator reinitialized.

SPIM Version 9.0.1 of January 2, 2011
Copyright 1990-2010, James R. Larus.
All Rights Reserved.
SPIM is distributed under a BSD license.
See the file README for a full copyright notice.
Z:\home\mercy\Dropbox\college stuff\Computer science\CSCI250-assembly\peasant.s successfully loaded
Memory address out of bounds
Buffer is null in read_stringMemory and registers cleared and the simulator reinitialized.

SPIM Version 9.0.1 of January 2, 2011
Copyright 1990-2010, James R. Larus.
All Rights Reserved.
SPIM is distributed under a BSD license.
See the file README for a full copyright notice.
Z:\home\mercy\Dropbox\college stuff\Computer science\CSCI250-assembly\peasant.s successfully loaded
Memory address out of bounds
Buffer is null in read_stringMemory and registers cleared and the simulator reinitialized.

SPIM Version 9.0.1 of January 2, 2011
Copyright 1990-2010, James R. Larus.
All Rights Reserved.
SPIM is distributed under a BSD license.
See the file README for a full copyright notice.
Z:\home\mercy\Dropbox\college stuff\Computer science\CSCI250-assembly\peasant.s successfully loaded
Memory address out of bounds
Buffer is null in read_stringMemory and registers cleared and the simulator reinitialized.

SPIM Version 9.0.1 of January 2, 2011
Copyright 1990-2010, James R. Larus.
All Rights Reserved.
SPIM is distributed under a BSD license.
See the file README for a full copyright notice.
Z:\home\mercy\Dropbox\college stuff\Computer science\CSCI250-assembly\peasant.s successfully loaded
Memory address out of bounds
Buffer is null in read_stringMemory and registers cleared and the simulator reinitialized.

SPIM Version 9.0.1 of January 2, 2011
Copyright 1990-2010, James R. Larus.
All Rights Reserved.
SPIM is distributed under a BSD license.
See the file README for a full copyright notice.
Z:\home\mercy\Dropbox\college stuff\Computer science\CSCI250-assembly\peasant.s successfully loaded
Memory and registers cleared and the simulator reinitialized.

SPIM Version 9.0.1 of January 2, 2011
Copyright 1990-2010, James R. Larus.
All Rights Reserved.
SPIM is distributed under a BSD license.
See the file README for a full copyright notice.
Z:\home\mercy\Dropbox\college stuff\Computer science\CSCI250-assembly\peasant.s successfully loaded
Memory and registers cleared and the simulator reinitialized.

SPIM Version 9.0.1 of January 2, 2011
Copyright 1990-2010, James R. Larus.
All Rights Reserved.
SPIM is distributed under a BSD license.
See the file README for a full copyright notice.
Z:\home\mercy\Dropbox\college stuff\Computer science\CSCI250-assembly\peasant.s successfully loaded


Registers
=========================
 PC      = 00400058   EPC     = 00000000   Cause   = 00000000   BadVAddr= 00000000
 Status  = 3000ff10   HI      = 00000000   LO      = 00000000
                                 General Registers
R0  (r0) = 00000000  R8  (t0) = 00000000  R16 (s0) = 00000000  R24 (t8) = 00000000
R1  (at) = 00000000  R9  (t1) = 00000500  R17 (s1) = 00000000  R25 (t9) = 00000000
R2  (v0) = 0000000a  R10 (t2) = 00000000  R18 (s2) = 00000000  R26 (k0) = 00000000
R3  (v1) = 00000000  R11 (t3) = 00000000  R19 (s3) = 00000000  R27 (k1) = 00000000
R4  (a0) = 000003e8  R12 (t4) = 00000001  R20 (s4) = 00000000  R28 (gp) = 10008000
R5  (a1) = 7ffff730  R13 (t5) = 00000001  R21 (s5) = 00000000  R29 (sp) = 7ffff72c
R6  (a2) = 7ffff740  R14 (t6) = 000003e8  R22 (s6) = 00000000  R30 (s8) = 00000000
R7  (a3) = 00000000  R15 (t7) = 00000000  R23 (s7) = 00000000  R31 (ra) = 00000000

 FIR    = 00009800    FCSR    = 00000000    FCCR   = 00000000   FEXR    = 00000000
 FENR   = 00000000
                              Double Floating Point Registers
FP0  = 0.000000      FP8  = 0.000000      FP16 = 0.000000      FP24 = 0.000000     
FP2  = 0.000000      FP10 = 0.000000      FP18 = 0.000000      FP26 = 0.000000     
FP4  = 0.000000      FP12 = 0.000000      FP20 = 0.000000      FP28 = 0.000000     
FP6  = 0.000000      FP14 = 0.000000      FP22 = 0.000000      FP30 = 0.000000     
                              Single Floating Point Registers
FP0  = 0.000000      FP8  = 0.000000      FP16 = 0.000000      FP24 = 0.000000     
FP1  = 0.000000      FP9  = 0.000000      FP17 = 0.000000      FP25 = 0.000000     
FP2  = 0.000000      FP10 = 0.000000      FP18 = 0.000000      FP26 = 0.000000     
FP3  = 0.000000      FP11 = 0.000000      FP19 = 0.000000      FP27 = 0.000000     
FP4  = 0.000000      FP12 = 0.000000      FP20 = 0.000000      FP28 = 0.000000     
FP5  = 0.000000      FP13 = 0.000000      FP21 = 0.000000      FP29 = 0.000000     
FP6  = 0.000000      FP14 = 0.000000      FP22 = 0.000000      FP30 = 0.000000     
FP7  = 0.000000      FP15 = 0.000000      FP23 = 0.000000      FP31 = 0.000000     


Console
=========================
enter the two numbers to be multiplied
50
20
1000

Text Segment
=========================
[0x00400000]        0x3c041001  lui $4, 4097 [str]              ; 16: la $a0,str                #inputs the string into t3
[0x00400004]        0x34020004  ori $2, $0, 4                   ; 17: li $v0,4
[0x00400008]        0x0000000c  syscall                         ; 18: syscall
[0x0040000c]        0x34020005  ori $2, $0, 5                   ; 20: li,$v0,5                 #inputs the two values
[0x00400010]        0x0000000c  syscall                         ; 21: syscall                        #calls the system
[0x00400014]        0x00024020  add $8, $0, $2                  ; 22: add $t0,$zero,$v0        #saves the value in t0
[0x00400018]        0x34020005  ori $2, $0, 5                   ; 24: li,$v0,5                 #inputs the two values
[0x0040001c]        0x0000000c  syscall                         ; 25: syscall                        #calls the system
[0x00400020]        0x00024820  add $9, $0, $2                  ; 26: add $t1,$zero,$v0        #saves the value in t1
[0x00400024]        0x200d0001  addi $13, $0, 1                 ; 28: addi $t5, $zero, 1        #sets t5 to 1
[0x00400028]        0x310c0001  andi $12, $8, 1                 ; 31: andi $t4, $t0, 1         #masking
[0x0040002c]        0x11ac0002  beq $13, $12, 8 [negative-0x0040002c]; 32: beq $t5,$t4, negative         #if the value is 1, branch
[0x00400030]        0x0810000e  j 0x00400038 [loop]             ; 33: j loop                        #skips over the neg addition
[0x00400034]        0x01c97020  add $14, $14, $9                ; 36: add $t6, $t6, $t1         #adds to the answser
[0x00400038]        0x00084042  srl $8, $8, 1                   ; 39: srl $t0,$t0, 1                #shifts num1 right                
[0x0040003c]        0x00094840  sll $9, $9, 1                   ; 40: sll $t1,$t1, 1                #shifts num2 left
[0x00400040]        0x11000002  beq $8, $0, 8 [fin-0x00400040]  ; 41: beq $t0,$zero, fin        #if num1 == 0, leave loop
[0x00400044]        0x0810000a  j 0x00400028 [negtest]          ; 42: j negtest
[0x00400048]        0x01c02020  add $4, $14, $0                 ; 48: add $a0, $t6, $zero        #moves the answer to a0         
[0x0040004c]        0x34020001  ori $2, $0, 1                   ; 49: li $v0,1                #call to print value
[0x00400050]        0x0000000c  syscall                         ; 50: syscall
[0x00400054]        0x3402000a  ori $2, $0, 10                  ; 52: li $v0,10                #exit
[0x00400058]        0x0000000c  syscall                         ; 53: syscall                        # make system call

        KERNEL


Data Segment
=========================
        DATA
[0x10000000]...[0x10010000]        0x00000000
[0x10010000]                        0x65746e65  0x68742072  0x77742065  0x756e206f
[0x10010010]                        0x7265626d  0x6f742073  0x20656220  0x746c756d
[0x10010020]                        0x696c7069  0x000a6465  0x00000000  0x00000000
[0x10010030]...[0x10040000]        0x00000000

        STACK
[0x7ffff72c]                        0x00000003
[0x7ffff730]                        0x7ffff854  0x7ffff84e  0x7ffff835  0x00000000
[0x7ffff740]                        0x7fffffd9  0x7fffffc9  0x7fffffbe  0x7fffff6e
[0x7ffff750]                        0x7fffff49  0x7fffff3e  0x7fffff15  0x7ffffefc
[0x7ffff760]                        0x7ffffee7  0x7ffffec1  0x7ffffeb1  0x7ffffea9
[0x7ffff770]                        0x7ffffe85  0x7ffffe63  0x7ffffe55  0x7ffffe30
[0x7ffff780]                        0x7ffffe04  0x7ffffda2  0x7ffffd95  0x7ffffd6d
[0x7ffff790]                        0x7ffffd58  0x7ffffd35  0x7ffffd22  0x7ffffd05
[0x7ffff7a0]                        0x7ffffcca  0x7ffffc6d  0x7ffffc4a  0x7ffffc2d
[0x7ffff7b0]                        0x7ffffc1a  0x7ffffc03  0x7ffffbf5  0x7ffffbbc
[0x7ffff7c0]                        0x7ffffba1  0x7ffffb5b  0x7ffffb49  0x7ffffb31
[0x7ffff7d0]                        0x7ffffb22  0x7ffffb0c  0x7ffffaee  0x7ffffaca
[0x7ffff7e0]                        0x7ffffa8d  0x7ffffa74  0x7ffffa5c  0x7ffffa4a
[0x7ffff7f0]                        0x7ffffa2a  0x7ffffa02  0x7ffff9ef  0x7ffff9e2
[0x7ffff800]                        0x7ffff9cc  0x7ffff990  0x7ffff979  0x7ffff965
[0x7ffff810]                        0x7ffff951  0x7ffff942  0x7ffff927  0x7ffff90a
[0x7ffff820]                        0x7ffff8ec  0x7ffff8c8  0x7ffff897  0x7ffff860
[0x7ffff830]                        0x00000000  0x38782800  0x505c2936  0x69705343
[0x7ffff840]                        0x63705c6d  0x6d697073  0x6578652e  0x69460022
[0x7ffff850]                        0x0073656c  0x5c3a4322  0x676f7250  0x006d6172
[0x7ffff860]                        0x6d6d6f43  0x72506e6f  0x6172676f  0x6c69466d
[0x7ffff870]                        0x433d7365  0x72505c3a  0x6172676f  0x6946206d
[0x7ffff880]                        0x2073656c  0x36387828  0x6f435c29  0x6e6f6d6d
[0x7ffff890]                        0x6c694620  0x43007365  0x6f6d6d6f  0x6f72506e
[0x7ffff8a0]                        0x6d617267  0x33343657  0x3a433d32  0x6f72505c
[0x7ffff8b0]                        0x6d617267  0x6c694620  0x435c7365  0x6f6d6d6f
[0x7ffff8c0]                        0x6946206e  0x0073656c  0x676f7250  0x466d6172
[0x7ffff8d0]                        0x73656c69  0x5c3a433d  0x676f7250  0x206d6172
[0x7ffff8e0]                        0x656c6946  0x78282073  0x00293638  0x676f7250
[0x7ffff8f0]                        0x576d6172  0x32333436  0x5c3a433d  0x676f7250
[0x7ffff900]                        0x206d6172  0x656c6946  0x52500073  0x5345434f
[0x7ffff910]                        0x5f524f53  0x48435241  0x57455449  0x32333436
[0x7ffff920]                        0x444d413d  0x55003436  0x50524553  0x49464f52
[0x7ffff930]                        0x433d454c  0x73755c3a  0x5c737265  0x6372656d
[0x7ffff940]                        0x53550079  0x414e5245  0x6d3d454d  0x79637265
[0x7ffff950]                        0x45535500  0x4d4f4452  0x3d4e4941  0x68637261
[0x7ffff960]                        0x676e6162  0x53455300  0x4e4f4953  0x454d414e
[0x7ffff970]                        0x6e6f433d  0x656c6f73  0x474f4c00  0x45534e4f
[0x7ffff980]                        0x52455652  0x615c5c3d  0x62686372  0x00676e61
[0x7ffff990]                        0x41434f4c  0x5050414c  0x41544144  0x5c3a433d
[0x7ffff9a0]                        0x72657375  0x656d5c73  0x5c796372  0x61636f4c
[0x7ffff9b0]                        0x6553206c  0x6e697474  0x415c7367  0x696c7070
[0x7ffff9c0]                        0x69746163  0x44206e6f  0x00617461  0x454d4f48
[0x7ffff9d0]                        0x48544150  0x73755c3d  0x5c737265  0x6372656d
[0x7ffff9e0]                        0x4f480079  0x5244454d  0x3d455649  0x43003a43
[0x7ffff9f0]                        0x4e45494c  0x4d414e54  0x6f433d45  0x6c6f736e
[0x7ffffa00]                        0x50410065  0x54414450  0x3a433d41  0x6573755c
[0x7ffffa10]                        0x6d5c7372  0x79637265  0x7070415c  0x6163696c
[0x7ffffa20]                        0x6e6f6974  0x74614420  0x4c410061  0x4553554c
[0x7ffffa30]                        0x52505352  0x4c49464f  0x3a433d45  0x6573755c
[0x7ffffa40]                        0x505c7372  0x696c6275  0x69770063  0x7269646e
[0x7ffffa50]                        0x5c3a433d  0x646e6977  0x0073776f  0x3d504d54
[0x7ffffa60]                        0x755c3a43  0x73726573  0x72656d5c  0x545c7963
[0x7ffffa70]                        0x00706d65  0x504d4554  0x5c3a433d  0x72657375
[0x7ffffa80]                        0x656d5c73  0x5c796372  0x706d6554  0x54415000
[0x7ffffa90]                        0x3a433d48  0x6e69775c  0x73776f64  0x7379735c
[0x7ffffaa0]                        0x336d6574  0x3a433b32  0x6e69775c  0x73776f64
[0x7ffffab0]                        0x5c3a433b  0x646e6977  0x5c73776f  0x74737973
[0x7ffffac0]                        0x32336d65  0x6562775c  0x6f43006d  0x6570536d
[0x7ffffad0]                        0x3a433d63  0x6e69775c  0x73776f64  0x7379735c
[0x7ffffae0]                        0x336d6574  0x6d635c32  0x78652e64  0x69770065
[0x7ffffaf0]                        0x7379736e  0x3d726964  0x775c3a43  0x6f646e69
[0x7ffffb00]                        0x735c7377  0x65747379  0x0032336d  0x54535953
[0x7ffffb10]                        0x4f524d45  0x433d544f  0x69775c3a  0x776f646e
[0x7ffffb20]                        0x79530073  0x6d657473  0x76697244  0x3a633d65
[0x7ffffb30]                        0x4f525000  0x53534543  0x525f524f  0x53495645
[0x7ffffb40]                        0x3d4e4f49  0x36303731  0x4f525000  0x53534543
[0x7ffffb50]                        0x4c5f524f  0x4c455645  0x5000363d  0x45434f52
[0x7ffffb60]                        0x524f5353  0x4544495f  0x4649544e  0x3d524549
[0x7ffffb70]                        0x36444d41  0x61462034  0x796c696d  0x4d203620
[0x7ffffb80]                        0x6c65646f  0x20333220  0x70657453  0x676e6970
[0x7ffffb90]                        0x202c3620  0x756e6547  0x49656e69  0x6c65746e
[0x7ffffba0]                        0x4f525000  0x53534543  0x415f524f  0x49484352
[0x7ffffbb0]                        0x54434554  0x3d455255  0x00363878  0x48544150
[0x7ffffbc0]                        0x3d545845  0x4d4f432e  0x58452e3b  0x422e3b45
[0x7ffffbd0]                        0x2e3b5441  0x3b444d43  0x5342562e  0x42562e3b
[0x7ffffbe0]                        0x4a2e3b45  0x4a2e3b53  0x2e3b4553  0x3b465357
[0x7ffffbf0]                        0x4853572e  0x3d534f00  0x646e6957  0x5f73776f
[0x7ffffc00]                        0x4e00544e  0x45424d55  0x464f5f52  0x4f52505f
[0x7ffffc10]                        0x53534543  0x3d53524f  0x49570032  0x4f4c454e
[0x7ffffc20]                        0x52454441  0x58454f4e  0x313d4345  0x4e495700
[0x7ffffc30]                        0x45525045  0x3d584946  0x6d6f682f  0x656d2f65
[0x7ffffc40]                        0x2f796372  0x6e69772e  0x49470065  0x414c5f4f
[0x7ffffc50]                        0x48434e55  0x445f4445  0x544b5345  0x465f504f
[0x7ffffc60]                        0x5f454c49  0x3d444950  0x36303436  0x4f494700
[0x7ffffc70]                        0x55414c5f  0x4548434e  0x45445f44  0x4f544b53
[0x7ffffc80]                        0x49465f50  0x2f3d454c  0x656d6f68  0x72656d2f
[0x7ffffc90]                        0x2e2f7963  0x61636f6c  0x68732f6c  0x2f657261
[0x7ffffca0]                        0x6c707061  0x74616369  0x736e6f69  0x6e69772f
[0x7ffffcb0]                        0x72502f65  0x6172676f  0x502f736d  0x69705343
[0x7ffffcc0]                        0x65642e6d  0x6f746b73  0x45440070  0x4f544b53
[0x7ffffcd0]                        0x54535f50  0x55545241  0x44495f50  0x6e79733d
[0x7ffffce0]                        0x65737061  0x3236332d  0x72612d38  0x61626863
[0x7ffffcf0]                        0x652d676e  0x312d766e  0x4d49545f  0x35343245
[0x7ffffd00]                        0x38393534  0x55424900  0x4f4e5f53  0x4f4e535f
[0x7ffffd10]                        0x5245504f  0x5050415f  0x79733d53  0x7370616e
[0x7ffffd20]                        0x3d5f0065  0x7273752f  0x6e69622f  0x6e79732f
[0x7ffffd30]                        0x65737061  0x55415800  0x524f4854  0x3d595449
[0x7ffffd40]                        0x6d6f682f  0x656d2f65  0x2f796372  0x7561582e
[0x7ffffd50]                        0x726f6874  0x00797469  0x52425f47  0x4e454b4f
[0x7ffffd60]                        0x4c49465f  0x4d414e45  0x313d5345  0x52324a00
[0x7ffffd70]                        0x52494445  0x73752f3d  0x696c2f72  0x766a2f62
[0x7ffffd80]                        0x616a2f6d  0x362d6176  0x65706f2d  0x6b646a6e
[0x7ffffd90]                        0x65726a2f  0x53494400  0x59414c50  0x2e303a3d
[0x7ffffda0]                        0x42440030  0x535f5355  0x49535345  0x425f4e4f
[0x7ffffdb0]                        0x415f5355  0x45524444  0x753d5353  0x3a78696e
[0x7ffffdc0]                        0x74736261  0x74636172  0x6d742f3d  0x62642f70
[0x7ffffdd0]                        0x312d7375  0x724d4c53  0x776e5669  0x75672c6a
[0x7ffffde0]                        0x353d6469  0x37376232  0x38376334  0x63386237
[0x7ffffdf0]                        0x39373231  0x39373237  0x30343463  0x30303030
[0x7ffffe00]                        0x00643130  0x5f474458  0x41544144  0x5249445f
[0x7ffffe10]                        0x752f3d53  0x732f7273  0x65726168  0x752f3a2f
[0x7ffffe20]                        0x6c2f7273  0x6c61636f  0x6168732f  0x002f6572
[0x7ffffe30]                        0x4453324a  0x5249444b  0x73752f3d  0x696c2f72
[0x7ffffe40]                        0x766a2f62  0x616a2f6d  0x362d6176  0x65706f2d
[0x7ffffe50]                        0x6b646a6e  0x474f4c00  0x454d414e  0x72656d3d
[0x7ffffe60]                        0x58007963  0x435f4744  0x45484341  0x4d4f485f
[0x7ffffe70]                        0x682f3d45  0x2f656d6f  0x6372656d  0x632e2f79
[0x7ffffe80]                        0x65686361  0x47445800  0x4e4f435f  0x5f474946
[0x7ffffe90]                        0x454d4f48  0x6f682f3d  0x6d2f656d  0x79637265
[0x7ffffea0]                        0x6f632e2f  0x6769666e  0x4c485300  0x313d4c56
[0x7ffffeb0]                        0x4e414c00  0x6e653d47  0x2e53555f  0x38667475
[0x7ffffec0]                        0x56414a00  0x4f485f41  0x2f3d454d  0x2f727375
[0x7ffffed0]                        0x2f62696c  0x2f6d766a  0x6176616a  0x6f2d362d
[0x7ffffee0]                        0x6a6e6570  0x4d006b64  0x3d4c4941  0x7261762f
[0x7ffffef0]                        0x69616d2f  0x656d2f6c  0x00796372  0x5f474458
[0x7fffff00]                        0x464e4f43  0x445f4749  0x3d535249  0x6374652f
[0x7fffff10]                        0x6764782f  0x5a4f4d00  0x554c505f  0x5f4e4947
[0x7fffff20]                        0x48544150  0x73752f3d  0x696c2f72  0x6f6d2f62
[0x7fffff30]                        0x6c6c697a  0x6c702f61  0x6e696775  0x53550073
[0x7fffff40]                        0x6d3d5245  0x79637265  0x4b544700  0x43525f32
[0x7fffff50]                        0x4c49465f  0x2f3d5345  0x656d6f68  0x72656d2f
[0x7fffff60]                        0x2e2f7963  0x726b7467  0x2e322d63  0x44580030
[0x7fffff70]                        0x45535f47  0x4f495353  0x4f435f4e  0x45494b4f
[0x7fffff80]                        0x6134333d  0x65316564  0x30396134  0x38643761
[0x7fffff90]                        0x36616132  0x39656361  0x30303063  0x37313030
[0x7fffffa0]                        0x32312d38  0x39383739  0x33353637  0x3537392e
[0x7fffffb0]                        0x2d363933  0x35363836  0x30383337  0x45540034
[0x7fffffc0]                        0x6c3d4d52  0x78756e69  0x45485300  0x2f3d4c4c
[0x7fffffd0]                        0x2f6e6962  0x68736162  0x47445800  0x5441445f
[0x7fffffe0]                        0x4f485f41  0x2f3d454d  0x656d6f68  0x72656d2f
[0x7ffffff0]                        0x2e2f7963  0x61636f6c  0x68732f6c  0x00657261

        KERNEL DATA
[0x90000000]...[0x90010000]        0x00000000


